<?xml version="1.0" encoding="UTF-8"?>
<!-- Generated by org.testng.reporters.JUnitXMLReporter -->
<testsuite ignored="0" hostname="3K0DYD3" failures="0" tests="4" name="RegressionTestSuite" time="29.763" errors="0" timestamp="2021-12-21T13:39:09 EET">
  <testcase classname="VerifyDestinationSearchFieldWorks" name="verifyDestinationSearchFieldWorks" time="4.668"/>
  <testcase classname="VerifyRegisterButton" name="verifyRegisterButton" time="2.502"/>
  <testcase classname="VerifySuggestedDestinationsTableIsVisible" name="verifySuggestedDestinationsTableIsVisible" time="1.633"/>
  <testcase classname="VerifyTitleOnPageTest" name="verifyPageHeader" time="1.525"/>
</testsuite> <!-- RegressionTestSuite -->
