<?xml version="1.0" encoding="UTF-8"?>
<!-- Generated by org.testng.reporters.JUnitXMLReporter -->
<testsuite ignored="0" hostname="3K0DYD3" failures="0" tests="3" name="Command line test" time="16.09" errors="0" timestamp="2021-12-06T14:19:33 EET">
  <testcase classname="Test1" name="verifyPoshukGoogleButtonEnabled" time="0.93"/>
  <testcase classname="Test1" name="verifySearchField" time="1.591"/>
  <testcase classname="Test2" name="verifyPoshukGoogleButtonEnabled" time="1.368"/>
</testsuite> <!-- Command line test -->
