<?xml version="1.0" encoding="UTF-8"?>
<!-- Generated by org.testng.reporters.JUnitXMLReporter -->
<testsuite ignored="0" hostname="3K0DYD3" failures="1" tests="2" name="Command line test" time="15.56" errors="0" timestamp="2021-12-16T11:14:57 EET">
  <testcase classname="Test1" name="verifySearchField" time="1.862"/>
  <testcase classname="VerifyTitleOnPageTest" name="verifyPageHeader" time="1.603">
    <failure type="java.lang.AssertionError" message="expected [true] but found [false]">
      <![CDATA[java.lang.AssertionError: expected [true] but found [false]
at pages.BasePage.verifyPageHeader(BasePage.java:23)
at VerifyTitleOnPageTest.verifyPageHeader(VerifyTitleOnPageTest.java:13)
at java.base/java.util.ArrayList.forEach(ArrayList.java:1541)
... Removed 41 stack frames]]>
    </failure>
  </testcase> <!-- verifyPageHeader -->
</testsuite> <!-- Command line test -->
