<?xml version="1.0" encoding="UTF-8"?>
<testng-results ignored="0" total="4" passed="4" failed="0" skipped="0">
  <reporter-output>
  </reporter-output>
  <suite started-at="2021-12-21T13:38:39 EET" name="regression" finished-at="2021-12-21T13:39:09 EET" duration-ms="29763">
    <groups>
    </groups>
    <test started-at="2021-12-21T13:38:39 EET" name="RegressionTestSuite" finished-at="2021-12-21T13:39:09 EET" duration-ms="29763">
      <class name="VerifyDestinationSearchFieldWorks">
        <test-method is-config="true" signature="setUp()[pri:0, instance:VerifyDestinationSearchFieldWorks@7ef27d7f]" started-at="2021-12-21T13:38:39 EET" name="setUp" finished-at="2021-12-21T13:38:42 EET" duration-ms="3008" status="PASS">
          <reporter-output>
          </reporter-output>
        </test-method> <!-- setUp -->
        <test-method signature="verifyDestinationSearchFieldWorks()[pri:0, instance:VerifyDestinationSearchFieldWorks@7ef27d7f]" started-at="2021-12-21T13:38:42 EET" name="verifyDestinationSearchFieldWorks" finished-at="2021-12-21T13:38:47 EET" duration-ms="4668" status="PASS">
          <reporter-output>
          </reporter-output>
        </test-method> <!-- verifyDestinationSearchFieldWorks -->
        <test-method is-config="true" signature="afterTest()[pri:0, instance:VerifyDestinationSearchFieldWorks@7ef27d7f]" started-at="2021-12-21T13:38:47 EET" name="afterTest" finished-at="2021-12-21T13:38:51 EET" duration-ms="4150" status="PASS">
          <reporter-output>
          </reporter-output>
        </test-method> <!-- afterTest -->
      </class> <!-- VerifyDestinationSearchFieldWorks -->
      <class name="VerifyTitleOnPageTest">
        <test-method is-config="true" signature="setUp()[pri:0, instance:VerifyTitleOnPageTest@3b74ac8]" started-at="2021-12-21T13:39:02 EET" name="setUp" finished-at="2021-12-21T13:39:03 EET" duration-ms="1285" status="PASS">
          <reporter-output>
          </reporter-output>
        </test-method> <!-- setUp -->
        <test-method signature="verifyPageHeader()[pri:0, instance:VerifyTitleOnPageTest@3b74ac8]" started-at="2021-12-21T13:39:03 EET" name="verifyPageHeader" finished-at="2021-12-21T13:39:05 EET" duration-ms="1525" status="PASS">
          <reporter-output>
          </reporter-output>
        </test-method> <!-- verifyPageHeader -->
        <test-method is-config="true" signature="afterTest()[pri:0, instance:VerifyTitleOnPageTest@3b74ac8]" started-at="2021-12-21T13:39:05 EET" name="afterTest" finished-at="2021-12-21T13:39:09 EET" duration-ms="4121" status="PASS">
          <reporter-output>
          </reporter-output>
        </test-method> <!-- afterTest -->
      </class> <!-- VerifyTitleOnPageTest -->
      <class name="VerifySuggestedDestinationsTableIsVisible">
        <test-method is-config="true" signature="setUp()[pri:0, instance:VerifySuggestedDestinationsTableIsVisible@55cf0d14]" started-at="2021-12-21T13:38:55 EET" name="setUp" finished-at="2021-12-21T13:38:56 EET" duration-ms="1306" status="PASS">
          <reporter-output>
          </reporter-output>
        </test-method> <!-- setUp -->
        <test-method signature="verifySuggestedDestinationsTableIsVisible()[pri:0, instance:VerifySuggestedDestinationsTableIsVisible@55cf0d14]" started-at="2021-12-21T13:38:56 EET" name="verifySuggestedDestinationsTableIsVisible" finished-at="2021-12-21T13:38:58 EET" duration-ms="1633" status="PASS">
          <reporter-output>
          </reporter-output>
        </test-method> <!-- verifySuggestedDestinationsTableIsVisible -->
        <test-method is-config="true" signature="afterTest()[pri:0, instance:VerifySuggestedDestinationsTableIsVisible@55cf0d14]" started-at="2021-12-21T13:38:58 EET" name="afterTest" finished-at="2021-12-21T13:39:02 EET" duration-ms="4126" status="PASS">
          <reporter-output>
          </reporter-output>
        </test-method> <!-- afterTest -->
      </class> <!-- VerifySuggestedDestinationsTableIsVisible -->
      <class name="VerifyRegisterButton">
        <test-method is-config="true" signature="setUp()[pri:0, instance:VerifyRegisterButton@934b6cb]" started-at="2021-12-21T13:38:51 EET" name="setUp" finished-at="2021-12-21T13:38:52 EET" duration-ms="1304" status="PASS">
          <reporter-output>
          </reporter-output>
        </test-method> <!-- setUp -->
        <test-method signature="verifyRegisterButton()[pri:0, instance:VerifyRegisterButton@934b6cb]" started-at="2021-12-21T13:38:52 EET" name="verifyRegisterButton" finished-at="2021-12-21T13:38:55 EET" duration-ms="2502" status="PASS">
          <reporter-output>
          </reporter-output>
        </test-method> <!-- verifyRegisterButton -->
        <test-method is-config="true" signature="afterTest()[pri:0, instance:VerifyRegisterButton@934b6cb]" started-at="2021-12-21T13:38:55 EET" name="afterTest" finished-at="2021-12-21T13:38:55 EET" duration-ms="38" status="PASS">
          <reporter-output>
          </reporter-output>
        </test-method> <!-- afterTest -->
      </class> <!-- VerifyRegisterButton -->
    </test> <!-- RegressionTestSuite -->
  </suite> <!-- regression -->
</testng-results>
